<?xml version="1.0" encoding="UTF-8"?>
<!-- Generated by org.testng.reporters.JUnitReportReporter -->
<testsuite hostname="DESKTOP-I7TFLUD" failures="0" tests="1" name="com.TestCases.TestCase_001" time="32.304" errors="0" timestamp="2024-02-11T18:40:16 IST" skipped="0">
  <testcase classname="com.TestCases.TestCase_001" name="verifyBrokenLinksOnHomePage" time="32.304"/>
</testsuite> <!-- com.TestCases.TestCase_001 -->
